<?xml version="1.0" encoding="UTF-8"?>
<testng-results ignored="2" total="5" passed="3" failed="0" skipped="0">
  <reporter-output>
  </reporter-output>
  <suite started-at="2025-03-07T13:40:17 IST" name="Suite" finished-at="2025-03-07T13:40:17 IST" duration-ms="152">
    <groups>
    </groups>
    <test started-at="2025-03-07T13:40:17 IST" name="Test" finished-at="2025-03-07T13:40:17 IST" duration-ms="152">
      <class name="Test.Basics2">
        <test-method signature="test5()[pri:0, instance:Test.Basics2@6f96c77]" started-at="2025-03-07T13:40:17 IST" name="test5" finished-at="2025-03-07T13:40:17 IST" duration-ms="10" status="PASS">
          <reporter-output>
          </reporter-output>
        </test-method> <!-- test5 -->
      </class> <!-- Test.Basics2 -->
      <class name="Test.Basics">
        <test-method signature="test1()[pri:0, instance:Test.Basics@22a637e7]" started-at="2025-03-07T13:40:17 IST" name="test1" finished-at="2025-03-07T13:40:17 IST" duration-ms="26" status="PASS">
          <reporter-output>
          </reporter-output>
        </test-method> <!-- test1 -->
        <test-method signature="test3()[pri:0, instance:Test.Basics@22a637e7]" started-at="2025-03-07T13:40:17 IST" name="test3" finished-at="2025-03-07T13:40:17 IST" duration-ms="7" status="PASS">
          <reporter-output>
          </reporter-output>
        </test-method> <!-- test3 -->
      </class> <!-- Test.Basics -->
    </test> <!-- Test -->
  </suite> <!-- Suite -->
</testng-results>
