<?xml version="1.0" encoding="UTF-8"?>
<!-- Generated by org.testng.reporters.JUnitXMLReporter -->
<testsuite ignored="2" hostname="LAPTOP-7CCP64ET" failures="0" tests="3" name="Test" time="0.152" errors="0" timestamp="2025-03-07T13:40:17 IST">
  <testcase classname="Test.Basics" name="test1" time="0.026"/>
  <testcase classname="Test.Basics" name="test3" time="0.007"/>
  <testcase classname="Test.Basics2" name="test5" time="0.01"/>
  <testcase classname="Test.Basics2" name="test4" time="0.0">
    <ignored/>
  </testcase> <!-- test4 -->
  <testcase classname="Test.Basics" name="test2" time="0.0">
    <ignored/>
  </testcase> <!-- test2 -->
</testsuite> <!-- Test -->
